<?xml version="1.0" encoding="UTF-8"?>
<testng-results skipped="0" failed="0" ignored="0" total="1" passed="1">
  <reporter-output>
  </reporter-output>
  <suite name="Default suite" duration-ms="2199" started-at="2019-02-15T09:28:07Z" finished-at="2019-02-15T09:28:10Z">
    <groups>
    </groups>
    <test name="Default test" duration-ms="2199" started-at="2019-02-15T09:28:07Z" finished-at="2019-02-15T09:28:10Z">
      <class name="com.qait.practice.rest_assured.basics.NegativePostEndPointTest">
        <test-method status="PASS" signature="negativeTestEndpointAddComment1()[pri:0, instance:com.qait.practice.rest_assured.basics.NegativePostEndPointTest@5b275dab]" name="negativeTestEndpointAddComment1" duration-ms="2172" started-at="2019-02-15T09:28:07Z" finished-at="2019-02-15T09:28:10Z">
          <reporter-output>
          </reporter-output>
        </test-method> <!-- negativeTestEndpointAddComment1 -->
      </class> <!-- com.qait.practice.rest_assured.basics.NegativePostEndPointTest -->
    </test> <!-- Default test -->
  </suite> <!-- Default suite -->
</testng-results>
